This is pdfeTeX, Version 3.141592-1.21a-2.2 (Web2C 7.5.4) (format=pdflatex 2006.6.20)  20 JUN 2006 12:46
entering extended mode
**spec.tex
(./spec.tex
LaTeX2e <2003/12/01>
Babel <v3.8d> and hyphenation patterns for american, french, german, ngerman, b
ahasa, basque, bulgarian, catalan, croatian, czech, danish, dutch, esperanto, e
stonian, finnish, greek, icelandic, irish, italian, latin, magyar, norsk, polis
h, portuges, romanian, russian, serbian, slovak, slovene, spanish, swedish, tur
kish, ukrainian, nohyphenation, loaded.
(/usr/share/texmf-tetex/tex/latex/base/book.cls
Document Class: book 2004/02/16 v1.4f Standard LaTeX document class
(/usr/share/texmf-tetex/tex/latex/base/bk10.clo
File: bk10.clo 2004/02/16 v1.4f Standard LaTeX file (size option)
)
\c@part=\count79
\c@chapter=\count80
\c@section=\count81
\c@subsection=\count82
\c@subsubsection=\count83
\c@paragraph=\count84
\c@subparagraph=\count85
\c@figure=\count86
\c@table=\count87
\abovecaptionskip=\skip41
\belowcaptionskip=\skip42
\bibindent=\dimen102
)
(/usr/share/texmf-tetex/tex/latex/base/latexsym.sty
Package: latexsym 1998/08/17 v2.2e Standard LaTeX package (lasy symbols)
\symlasy=\mathgroup4
LaTeX Font Info:    Overwriting symbol font `lasy' in version `bold'
(Font)                  U/lasy/m/n --> U/lasy/b/n on input line 47.
)
(/usr/share/texmf-tetex/tex/latex/amsfonts/amssymb.sty
Package: amssymb 2002/01/22 v2.2d

(/usr/share/texmf-tetex/tex/latex/amsfonts/amsfonts.sty
Package: amsfonts 2001/10/25 v2.2f
\@emptytoks=\toks14
\symAMSa=\mathgroup5
\symAMSb=\mathgroup6
LaTeX Font Info:    Overwriting math alphabet `\mathfrak' in version `bold'
(Font)                  U/euf/m/n --> U/euf/b/n on input line 132.
))
(/usr/share/texmf-tetex/tex/latex/amsmath/amsmath.sty
Package: amsmath 2000/07/18 v2.13 AMS math features
\@mathmargin=\skip43

For additional information on amsmath, use the `?' option.
(/usr/share/texmf-tetex/tex/latex/amsmath/amstext.sty
Package: amstext 2000/06/29 v2.01

(/usr/share/texmf-tetex/tex/latex/amsmath/amsgen.sty
File: amsgen.sty 1999/11/30 v2.0
\@emptytoks=\toks15
\ex@=\dimen103
))
(/usr/share/texmf-tetex/tex/latex/amsmath/amsbsy.sty
Package: amsbsy 1999/11/29 v1.2d
\pmbraise@=\dimen104
)
(/usr/share/texmf-tetex/tex/latex/amsmath/amsopn.sty
Package: amsopn 1999/12/14 v2.01 operator names
)
\inf@bad=\count88
LaTeX Info: Redefining \frac on input line 211.
\uproot@=\count89
\leftroot@=\count90
LaTeX Info: Redefining \overline on input line 307.
\classnum@=\count91
\DOTSCASE@=\count92
LaTeX Info: Redefining \ldots on input line 379.
LaTeX Info: Redefining \dots on input line 382.
LaTeX Info: Redefining \cdots on input line 467.
\Mathstrutbox@=\box26
\strutbox@=\box27
\big@size=\dimen105
LaTeX Font Info:    Redeclaring font encoding OML on input line 567.
LaTeX Font Info:    Redeclaring font encoding OMS on input line 568.
\macc@depth=\count93
\c@MaxMatrixCols=\count94
\dotsspace@=\muskip10
\c@parentequation=\count95
\dspbrk@lvl=\count96
\tag@help=\toks16
\row@=\count97
\column@=\count98
\maxfields@=\count99
\andhelp@=\toks17
\eqnshift@=\dimen106
\alignsep@=\dimen107
\tagshift@=\dimen108
\tagwidth@=\dimen109
\totwidth@=\dimen110
\lineht@=\dimen111
\@envbody=\toks18
\multlinegap=\skip44
\multlinetaggap=\skip45
\mathdisplay@stack=\toks19
LaTeX Info: Redefining \[ on input line 2666.
LaTeX Info: Redefining \] on input line 2667.
)
(/usr/share/texmf-tetex/tex/latex/tools/bm.sty
Package: bm 2004/02/26 v1.1c Bold Symbol Support (DPC/FMi)
\symboldoperators=\mathgroup7
\symboldletters=\mathgroup8
\symboldsymbols=\mathgroup9
\symboldlasy=\mathgroup10
LaTeX Font Info:    Redeclaring math alphabet \mathbf on input line 137.
LaTeX Info: Redefining \bm on input line 203.
)
(/usr/share/texmf-tetex/tex/latex/base/textcomp.sty
Package: textcomp 2004/02/22 v1.99f Standard LaTeX package
Package textcomp Info: Sub-encoding information:
(textcomp)               5 = only ISO-Adobe without \textcurrency
(textcomp)               4 = 5 + \texteuro
(textcomp)               3 = 4 + \textohm
(textcomp)               2 = 3 + \textestimated + \textcurrency
(textcomp)               1 = TS1 - \textcircled - \t
(textcomp)               0 = TS1 (full)
(textcomp)             Font families with sub-encoding setting implement
(textcomp)             only a restricted character set as indicated.
(textcomp)             Family '?' is the default used for unknown fonts.
(textcomp)             See the documentation for details.
Package textcomp Info: Setting ? sub-encoding to TS1/1 on input line 71.

(/usr/share/texmf-tetex/tex/latex/base/ts1enc.def
File: ts1enc.def 2001/06/05 v3.0e (jk/car/fm) Standard LaTeX file
)
LaTeX Info: Redefining \oldstylenums on input line 266.
Package textcomp Info: Setting cmr sub-encoding to TS1/0 on input line 281.
Package textcomp Info: Setting cmss sub-encoding to TS1/0 on input line 282.
Package textcomp Info: Setting cmtt sub-encoding to TS1/0 on input line 283.
Package textcomp Info: Setting cmvtt sub-encoding to TS1/0 on input line 284.
Package textcomp Info: Setting cmbr sub-encoding to TS1/0 on input line 285.
Package textcomp Info: Setting cmtl sub-encoding to TS1/0 on input line 286.
Package textcomp Info: Setting ccr sub-encoding to TS1/0 on input line 287.
Package textcomp Info: Setting ptm sub-encoding to TS1/4 on input line 288.
Package textcomp Info: Setting pcr sub-encoding to TS1/4 on input line 289.
Package textcomp Info: Setting phv sub-encoding to TS1/4 on input line 290.
Package textcomp Info: Setting ppl sub-encoding to TS1/3 on input line 291.
Package textcomp Info: Setting pag sub-encoding to TS1/4 on input line 292.
Package textcomp Info: Setting pbk sub-encoding to TS1/4 on input line 293.
Package textcomp Info: Setting pnc sub-encoding to TS1/4 on input line 294.
Package textcomp Info: Setting pzc sub-encoding to TS1/4 on input line 295.
Package textcomp Info: Setting bch sub-encoding to TS1/4 on input line 296.
Package textcomp Info: Setting put sub-encoding to TS1/5 on input line 297.
Package textcomp Info: Setting uag sub-encoding to TS1/5 on input line 298.
Package textcomp Info: Setting ugq sub-encoding to TS1/5 on input line 299.
Package textcomp Info: Setting ul8 sub-encoding to TS1/4 on input line 300.
Package textcomp Info: Setting ul9 sub-encoding to TS1/4 on input line 301.
Package textcomp Info: Setting augie sub-encoding to TS1/5 on input line 302.
Package textcomp Info: Setting dayrom sub-encoding to TS1/3 on input line 303.
Package textcomp Info: Setting dayroms sub-encoding to TS1/3 on input line 304.

Package textcomp Info: Setting pxr sub-encoding to TS1/0 on input line 305.
Package textcomp Info: Setting pxss sub-encoding to TS1/0 on input line 306.
Package textcomp Info: Setting pxtt sub-encoding to TS1/0 on input line 307.
Package textcomp Info: Setting txr sub-encoding to TS1/0 on input line 308.
Package textcomp Info: Setting txss sub-encoding to TS1/0 on input line 309.
Package textcomp Info: Setting txtt sub-encoding to TS1/0 on input line 310.
Package textcomp Info: Setting futs sub-encoding to TS1/4 on input line 311.
Package textcomp Info: Setting futx sub-encoding to TS1/4 on input line 312.
Package textcomp Info: Setting futj sub-encoding to TS1/4 on input line 313.
Package textcomp Info: Setting hlh sub-encoding to TS1/3 on input line 314.
Package textcomp Info: Setting hls sub-encoding to TS1/3 on input line 315.
Package textcomp Info: Setting hlst sub-encoding to TS1/3 on input line 316.
Package textcomp Info: Setting hlct sub-encoding to TS1/5 on input line 317.
Package textcomp Info: Setting hlx sub-encoding to TS1/5 on input line 318.
Package textcomp Info: Setting hlce sub-encoding to TS1/5 on input line 319.
Package textcomp Info: Setting hlcn sub-encoding to TS1/5 on input line 320.
Package textcomp Info: Setting hlcw sub-encoding to TS1/5 on input line 321.
Package textcomp Info: Setting hlcf sub-encoding to TS1/5 on input line 322.
Package textcomp Info: Setting pplx sub-encoding to TS1/3 on input line 323.
Package textcomp Info: Setting pplj sub-encoding to TS1/3 on input line 324.
Package textcomp Info: Setting ptmx sub-encoding to TS1/4 on input line 325.
Package textcomp Info: Setting ptmj sub-encoding to TS1/4 on input line 326.
)
(/usr/share/texmf-tetex/tex/latex/graphics/graphicx.sty
Package: graphicx 1999/02/16 v1.0f Enhanced LaTeX Graphics (DPC,SPQR)

(/usr/share/texmf-tetex/tex/latex/graphics/keyval.sty
Package: keyval 1999/03/16 v1.13 key=value parser (DPC)
\KV@toks@=\toks20
)
(/usr/share/texmf-tetex/tex/latex/graphics/graphics.sty
Package: graphics 2001/07/07 v1.0n Standard LaTeX Graphics (DPC,SPQR)

(/usr/share/texmf-tetex/tex/latex/graphics/trig.sty
Package: trig 1999/03/16 v1.09 sin cos tan (DPC)
)
(/usr/share/texmf-tetex/tex/latex/graphics/graphics.cfg
File: graphics.cfg 2005/02/03 v1.3 graphics configuration of teTeX/TeXLive
)
Package graphics Info: Driver file: pdftex.def on input line 80.

(/usr/share/texmf-tetex/tex/latex/graphics/pdftex.def
File: pdftex.def 2002/06/19 v0.03k graphics/color for pdftex
\Gread@gobject=\count100
))
\Gin@req@height=\dimen112
\Gin@req@width=\dimen113
)
(/usr/share/texmf-tetex/tex/latex/booktabs/booktabs.sty
Package: booktabs 2003/03/28 v1.618 publication quality tables
\heavyrulewidth=\dimen114
\lightrulewidth=\dimen115
\cmidrulewidth=\dimen116
\belowrulesep=\dimen117
\belowbottomsep=\dimen118
\aboverulesep=\dimen119
\abovetopsep=\dimen120
\cmidrulesep=\dimen121
\cmidrulekern=\dimen122
\defaultaddspace=\dimen123
\@cmidla=\count101
\@cmidlb=\count102
\@aboverulesep=\dimen124
\@belowrulesep=\dimen125
\@thisruleclass=\count103
\@lastruleclass=\count104
\@thisrulewidth=\dimen126
)
(/usr/share/texmf-tetex/tex/latex/tools/tabularx.sty
Package: tabularx 1999/01/07 v2.07 `tabularx' package (DPC)

(/usr/share/texmf-tetex/tex/latex/tools/array.sty
Package: array 2003/12/17 v2.4a Tabular extension package (FMi)
\col@sep=\dimen127
\extrarowheight=\dimen128
\NC@list=\toks21
\extratabsurround=\skip46
\backup@length=\skip47
)
\TX@col@width=\dimen129
\TX@old@table=\dimen130
\TX@old@col=\dimen131
\TX@target=\dimen132
\TX@delta=\dimen133
\TX@cols=\count105
\TX@ftn=\toks22
)
(/usr/share/texmf-tetex/tex/latex/tools/longtable.sty
Package: longtable 2004/02/01 v4.11 Multi-page Table package (DPC)
\LTleft=\skip48
\LTright=\skip49
\LTpre=\skip50
\LTpost=\skip51
\LTchunksize=\count106
\LTcapwidth=\dimen134
\LT@head=\box28
\LT@firsthead=\box29
\LT@foot=\box30
\LT@lastfoot=\box31
\LT@cols=\count107
\LT@rows=\count108
\c@LT@tables=\count109
\c@LT@chunks=\count110
\LT@p@ftn=\toks23
) (./ltablex.sty
Package: ltablex 1995/11/06 v1.0 Modified tabularx
)
(/usr/share/texmf-tetex/tex/latex/wrapfig/wrapfig.sty
\wrapoverhang=\dimen135
\WF@size=\dimen136
\c@WF@wrappedlines=\count111
\WF@box=\box32
\WF@everypar=\toks24
Package: wrapfig 2003/01/31  v 3.6
)
(/usr/share/texmf-tetex/tex/latex/hyperref/hyperref.sty
Package: hyperref 2003/11/30 v6.74m Hypertext links for LaTeX
\@linkdim=\dimen137
\Hy@linkcounter=\count112
\Hy@pagecounter=\count113

(/usr/share/texmf-tetex/tex/latex/hyperref/pd1enc.def
File: pd1enc.def 2003/11/30 v6.74m Hyperref: PDFDocEncoding definition (HO)
)
(/usr/share/texmf-tetex/tex/latex/hyperref/hyperref.cfg
File: hyperref.cfg 2002/06/06 v1.2 hyperref configuration of TeXLive and teTeX
)
Package hyperref Info: Option `colorlinks' set `true' on input line 1830.
Package hyperref Info: Hyper figures OFF on input line 1880.
Package hyperref Info: Link nesting OFF on input line 1885.
Package hyperref Info: Hyper index ON on input line 1888.
Package hyperref Info: Plain pages ON on input line 1893.
Package hyperref Info: Backreferencing OFF on input line 1900.

Implicit mode ON; LaTeX internals redefined
Package hyperref Info: Bookmarks ON on input line 2004.
(/usr/share/texmf-tetex/tex/latex/url/url.sty
\Urlmuskip=\muskip11
Package: url 2004/03/15  ver 3.1  Verb mode for urls, etc.
)
LaTeX Info: Redefining \url on input line 2143.
\Fld@menulength=\count114
\Field@Width=\dimen138
\Fld@charsize=\dimen139
\Choice@toks=\toks25
\Field@toks=\toks26
Package hyperref Info: Hyper figures OFF on input line 2618.
Package hyperref Info: Link nesting OFF on input line 2623.
Package hyperref Info: Hyper index ON on input line 2626.
Package hyperref Info: backreferencing OFF on input line 2633.
Package hyperref Info: Link coloring ON on input line 2636.
\c@Item=\count115
)
*hyperref using default driver hpdftex*
(/usr/share/texmf-tetex/tex/latex/hyperref/hpdftex.def
File: hpdftex.def 2003/11/30 v6.74m Hyperref driver for pdfTeX

(/usr/share/texmf-tetex/tex/latex/psnfss/pifont.sty
Package: pifont 2004/09/15 PSNFSS-v9.2 Pi font support (SPQR) 
LaTeX Font Info:    Try loading font information for U+pzd on input line 63.

(/usr/share/texmf-tetex/tex/latex/psnfss/upzd.fd
File: upzd.fd 2001/06/04 font definitions for U/pzd.
)
LaTeX Font Info:    Try loading font information for U+psy on input line 64.

(/usr/share/texmf-tetex/tex/latex/psnfss/upsy.fd
File: upsy.fd 2001/06/04 font definitions for U/psy.
))
\Fld@listcount=\count116
\@outlinefile=\write3
)
\c@theorem=\count117


LaTeX Warning: Unused global option(s):
    [9pt].

(./spec.aux (./vp3huff.aux))
\openout1 = `spec.aux'.

LaTeX Font Info:    Checking defaults for OML/cmm/m/it on input line 71.
LaTeX Font Info:    ... okay on input line 71.
LaTeX Font Info:    Checking defaults for T1/cmr/m/n on input line 71.
LaTeX Font Info:    ... okay on input line 71.
LaTeX Font Info:    Checking defaults for OT1/cmr/m/n on input line 71.
LaTeX Font Info:    ... okay on input line 71.
LaTeX Font Info:    Checking defaults for OMS/cmsy/m/n on input line 71.
LaTeX Font Info:    ... okay on input line 71.
LaTeX Font Info:    Checking defaults for OMX/cmex/m/n on input line 71.
LaTeX Font Info:    ... okay on input line 71.
LaTeX Font Info:    Checking defaults for U/cmr/m/n on input line 71.
LaTeX Font Info:    ... okay on input line 71.
LaTeX Font Info:    Checking defaults for TS1/cmr/m/n on input line 71.
LaTeX Font Info:    Try loading font information for TS1+cmr on input line 71.
 (/usr/share/texmf-tetex/tex/latex/base/ts1cmr.fd
File: ts1cmr.fd 1999/05/25 v2.5h Standard LaTeX font definitions
)
LaTeX Font Info:    ... okay on input line 71.
LaTeX Font Info:    Checking defaults for PD1/pdf/m/n on input line 71.
LaTeX Font Info:    ... okay on input line 71.

(/usr/share/texmf-tetex/tex/context/base/supp-pdf.tex
(/usr/share/texmf-tetex/tex/context/base/supp-mis.tex
loading : Context Support Macros / Miscellaneous (2004.10.26)
\protectiondepth=\count118
\scratchcounter=\count119
\scratchtoks=\toks27
\scratchdimen=\dimen140
\scratchskip=\skip52
\scratchmuskip=\muskip12
\scratchbox=\box33
\scratchread=\read1
\scratchwrite=\write4
\zeropoint=\dimen141
\onepoint=\dimen142
\onebasepoint=\dimen143
\minusone=\count120
\thousandpoint=\dimen144
\onerealpoint=\dimen145
\emptytoks=\toks28
\nextbox=\box34
\nextdepth=\dimen146
\everyline=\toks29
\!!counta=\count121
\!!countb=\count122
\recursecounter=\count123
)
loading : Context Support Macros / PDF (2004.03.26)
\nofMPsegments=\count124
\nofMParguments=\count125
\MPscratchCnt=\count126
\MPscratchDim=\dimen147
\MPnumerator=\count127
\everyMPtoPDFconversion=\toks30
) (/usr/share/texmf-tetex/tex/latex/graphics/color.sty
Package: color 1999/02/16 v1.0i Standard LaTeX Color (DPC)
LaTeX Info: Redefining \color on input line 71.

(/usr/share/texmf-tetex/tex/latex/graphics/color.cfg
File: color.cfg 2005/02/03 v1.3 color configuration of teTeX/TeXLive
)
Package color Info: Driver file: pdftex.def on input line 125.
)
Package hyperref Info: Link coloring ON on input line 71.

(/usr/share/texmf-tetex/tex/latex/hyperref/nameref.sty
Package: nameref 2003/12/03 v2.21 Cross-referencing by name of section
\c@section@level=\count128
)
LaTeX Info: Redefining \ref on input line 71.
LaTeX Info: Redefining \pageref on input line 71.
 (./spec.out)
(./spec.out)
\openout3 = `spec.out'.

LaTeX Font Info:    Try loading font information for U+lasy on input line 76.
 (/usr/share/texmf-tetex/tex/latex/base/ulasy.fd
File: ulasy.fd 1998/08/17 v2.2e LaTeX symbol font definitions
)
LaTeX Font Info:    Try loading font information for U+msa on input line 76.

(/usr/share/texmf-tetex/tex/latex/amsfonts/umsa.fd
File: umsa.fd 2002/01/19 v2.2g AMS font definitions
)
LaTeX Font Info:    Try loading font information for U+msb on input line 76.

(/usr/share/texmf-tetex/tex/latex/amsfonts/umsb.fd
File: umsb.fd 2002/01/19 v2.2g AMS font definitions
)
LaTeX Font Info:    Font shape `U/lasy/b/n' in size <8> not available
(Font)              Font shape `U/lasy/m/n' tried instead on input line 76.
LaTeX Font Info:    Font shape `U/lasy/b/n' in size <6> not available
(Font)              Font shape `U/lasy/m/n' tried instead on input line 76.
 [1




{/var/lib/texmf/fonts/map/pdftex/updmap/pdftex.map}] [2

] (./spec.toc
LaTeX Font Info:    Font shape `U/lasy/b/n' in size <7> not available
(Font)              Font shape `U/lasy/m/n' tried instead on input line 2.
LaTeX Font Info:    Font shape `U/lasy/b/n' in size <5> not available
(Font)              Font shape `U/lasy/m/n' tried instead on input line 2.

! pdfTeX warning (ext4): destination with the same identifier (name{page.1}) ha
s been already used, duplicate ignored
<recently read> H
                 
l.44 ...2}4:2:2 Subsampling}{27}{subsection.4.4.2}
                                                   [1

]
! pdfTeX warning (ext4): destination with the same identifier (name{page.2}) ha
s been already used, duplicate ignored
<recently read> H
                 
l.158 ...g the DC Predictor}{94}{subsection.7.8.1}
                                                   [2])
\tf@toc=\write5
\openout5 = `spec.toc'.

 [3] [4

] (./spec.lof)
\tf@lof=\write6
\openout6 = `spec.lof'.


[5

] [6

] (./spec.lot)
\tf@lot=\write7
\openout7 = `spec.lot'.

 [7

] [8

] [9

] [10] [11] [12

] [13

] [14

]
Chapter 1.
! pdfTeX warning (ext4): destination with the same identifier (name{page.1}) ha
s been already used, duplicate ignored
<recently read> H
                 
l.325 \end{verse}
                  [1


]
! pdfTeX warning (ext4): destination with the same identifier (name{page.2}) ha
s been already used, duplicate ignored
<recently read> H
                 
l.383 
       [2]
! pdfTeX warning (ext4): destination with the same identifier (name{page.3}) ha
s been already used, duplicate ignored
<recently read> H
                 
l.429 \chapter
              {Coded Video Structure} [3]
! pdfTeX warning (ext4): destination with the same identifier (name{page.4}) ha
s been already used, duplicate ignored
<recently read> H
                 
l.429 \chapter
              {Coded Video Structure} [4

]
Chapter 2.

Underfull \vbox (badness 2119) has occurred while \output is active []


! pdfTeX warning (ext4): destination with the same identifier (name{page.5}) ha
s been already used, duplicate ignored
<recently read> H
                 
l.491 
       [5] <pic-frame.pdf, id=736, 351.3125pt x 286.06876pt>
File: pic-frame.pdf Graphic file (type pdf)

<use pic-frame.pdf>
Overfull \hbox (6.31163pt too wide) in paragraph at lines 494--495
 [] 
 []


Underfull \vbox (badness 10000) has occurred while \output is active []


! pdfTeX warning (ext4): destination with the same identifier (name{page.6}) ha
s been already used, duplicate ignored
<recently read> H
                 
l.512 
       [6 <./pic-frame.pdf>] <superblock.pdf, id=748, 357.335pt x 297.11pt>
File: superblock.pdf Graphic file (type pdf)

<use superblock.pdf>
Overfull \hbox (12.33412pt too wide) in paragraph at lines 515--516
 [] 
 []

<raster-block.pdf, id=749, 343.2825pt x 229.85875pt>
File: raster-block.pdf Graphic file (type pdf)
 <use raster-block.pdf>
! pdfTeX warning (ext4): destination with the same identifier (name{page.7}) ha
s been already used, duplicate ignored
<recently read> H
                 
l.544 
       [7 <./superblock.pdf>]
<hilbert-block.pdf, id=762, 229.85875pt x 229.85875pt>
File: hilbert-block.pdf Graphic file (type pdf)
 <use hilbert-block.pdf>
! pdfTeX warning (ext4): destination with the same identifier (name{page.8}) ha
s been already used, duplicate ignored
<recently read> H
                 
l.598 
       [8 <./raster-block.pdf>]
<macroblock.pdf, id=775, 368.37625pt x 268.00125pt>
File: macroblock.pdf Graphic file (type pdf)
 <use macroblock.pdf>
Overfull \hbox (23.37534pt too wide) in paragraph at lines 627--628
 [] 
 []

<hilbert-mb.pdf, id=776, 115.43124pt x 115.43124pt>
File: hilbert-mb.pdf Graphic file (type pdf)
 <use hilbert-mb.pdf>
! pdfTeX warning (ext4): destination with the same identifier (name{page.9}) ha
s been already used, duplicate ignored
<recently read> H
                 
l.656 
       [9 <./hilbert-block.pdf>]
! pdfTeX warning (ext4): destination with the same identifier (name{page.10}) h
as been already used, duplicate ignored
<recently read> H
                 
l.656 
       [10 <./macroblock.pdf> <./hilbert-mb.pdf>]
<reference-frames.pdf, id=807, 263.98625pt x 100.375pt>
File: reference-frames.pdf Graphic file (type pdf)

<use reference-frames.pdf>
! pdfTeX warning (ext4): destination with the same identifier (name{page.11}) h
as been already used, duplicate ignored
<recently read> H
                 
l.713 
       [11 <./reference-frames.pdf>]
! pdfTeX warning (ext4): destination with the same identifier (name{page.12}) h
as been already used, duplicate ignored
<recently read> H
                 
l.760 \chapter
              {Decoding Overview} [12]
Chapter 3.
! pdfTeX warning (ext4): destination with the same identifier (name{page.13}) h
as been already used, duplicate ignored
<recently read> H
                 
l.815 
       [13

]
Overfull \hbox (2.05618pt too wide) in paragraph at lines 841--844
[]\OT1/cmr/m/n/10 Finally, be-cause the in-loop de-block-ing fil-ter strength d
e-pends on the strength
 []

! pdfTeX warning (ext4): destination with the same identifier (name{page.14}) h
as been already used, duplicate ignored
<recently read> H
                 
l.869 
       [14] [15] [16] [17]
Underfull \vbox (badness 1048) has occurred while \output is active []

 [18]
[19] [20

]
Chapter 4.
[21] [22] [23] [24]
Overfull \hbox (0.66716pt too wide) in paragraph at lines 1398--1408
\OT1/cmr/m/n/10 first de-signed, they were based upon the same pri-maries as NT
SC.
 []

[25] [26] <pixel444.pdf, id=941, 337.26pt x 268.00125pt>
File: pixel444.pdf Graphic file (type pdf)
 <use pixel444.pdf>
<pixel422.pdf, id=942, 337.26pt x 268.00125pt>
File: pixel422.pdf Graphic file (type pdf)
 <use pixel422.pdf> [27 <./pixel444.pdf>] [28 <./pixel422.pdf>] <pixel420.pdf, 
id=970, 337.26pt x 268.00125pt>
File: pixel420.pdf Graphic file (type pdf)

<use pixel420.pdf>
Underfull \vbox (badness 10000) has occurred while \output is active []

 [29 <./pixel420.pdf>] <pic_even.pdf, id=984, 418.56375pt x 168.63pt>
File: pic_even.pdf Graphic file (type pdf)
 <use pic_even.pdf>
<pic_even_odd.pdf, id=985, 418.56375pt x 168.63pt>
File: pic_even_odd.pdf Graphic file (type pdf)
 <use pic_even_odd.pdf>
<pic_odd.pdf, id=986, 418.56375pt x 168.63pt>
File: pic_odd.pdf Graphic file (type pdf)
 <use pic_odd.pdf>
<pic_odd_even.pdf, id=987, 418.56375pt x 168.63pt>
File: pic_odd_even.pdf Graphic file (type pdf)
 <use pic_odd_even.pdf>
[30] [31 <./pic_even.pdf> <./pic_even_odd.pdf> <./pic_odd.pdf>] [32 <./pic_odd_
even.pdf>]
Chapter 5.
[33

] [34]
Underfull \vbox (badness 10000) has occurred while \output is active []

 [35]
[36] [37] [38

]
Chapter 6.

Underfull \hbox (badness 10000) in paragraph at lines 1942--1951

 []


Overfull \hbox (5.81935pt too wide) in alignment at lines 1951--1951
 [] [] [] [] [] 
 []


Overfull \hbox (5.81935pt too wide) in alignment at lines 1951--1951
 [] [] [] [] [] 
 []

[39]
Underfull \hbox (badness 10000) in paragraph at lines 1997--2036

 []


Underfull \hbox (badness 4595) in paragraph at lines 2036--2036
[]|\OT1/cmr/m/n/10 The to-tal num-ber of macro
 []


Underfull \hbox (badness 5832) in paragraph at lines 2036--2036
[]|\OT1/cmr/m/n/10 The nom-i-nal bi-trate of the
 []


Underfull \hbox (badness 1215) in paragraph at lines 2036--2036
[]|\OT1/cmr/m/n/10 The amount to shift the key
 []

[40] [41] [42] [43] [44]
Underfull \hbox (badness 10000) in paragraph at lines 2282--2290

 []


Underfull \hbox (badness 10000) in paragraph at lines 2292--2304

 []


Overfull \hbox (1.91692pt too wide) in paragraph at lines 2319--2325
[]\OT1/cmr/m/n/10 Assign $[]$ the value $([] + ([] \OML/cmm/m/it/10 << \OT1/cmr
/m/n/10 8) + ([] \OML/cmm/m/it/10 << \OT1/cmr/m/n/10 16) + ([] \OML/cmm/m/it/10
 <<
 []


Underfull \hbox (badness 10000) in paragraph at lines 2331--2343

 []


Overfull \hbox (3.13882pt too wide) in alignment at lines 2343--2343
 [] [] [] [] [] 
 []


Overfull \hbox (3.13882pt too wide) in alignment at lines 2343--2343
 [] [] [] [] [] 
 []

[45]
Underfull \hbox (badness 10000) in paragraph at lines 2345--2354

 []

[46] [47]
Underfull \hbox (badness 10000) in paragraph at lines 2479--2489

 []


Underfull \hbox (badness 10000) in paragraph at lines 2489--2489
[]|\OT1/cmr/m/n/10 Integer
 []


Underfull \hbox (badness 10000) in paragraph at lines 2491--2501

 []


Underfull \hbox (badness 10000) in paragraph at lines 2529--2558

 []


Underfull \hbox (badness 10000) in paragraph at lines 2558--2558
[]|\OT1/cmr/m/n/10 Integer
 []


Underfull \hbox (badness 10000) in paragraph at lines 2558--2558
[]|\OT1/cmr/m/n/10 Integer
 []


Underfull \hbox (badness 1337) in paragraph at lines 2558--2558
[]$\OT1/cmr/m/n/10 's used for each quant
 []

[48]
Underfull \hbox (badness 10000) in paragraph at lines 2560--2582

 []

[49] [50]
Underfull \hbox (badness 10000) in paragraph at lines 2746--2779

 []


Underfull \hbox (badness 10000) in paragraph at lines 2779--2779
[]|\OT1/cmr/m/n/10 Integer
 []


Underfull \hbox (badness 10000) in paragraph at lines 2779--2779
[]|\OT1/cmr/m/n/10 Integer
 []


Underfull \hbox (badness 1337) in paragraph at lines 2779--2779
[]$\OT1/cmr/m/n/10 's used for each quant
 []


Underfull \hbox (badness 1033) in paragraph at lines 2779--2779
[]|\OT1/cmr/m/n/10 A quan-ti-za-tion type in-dex.
 []

[51]
Underfull \hbox (badness 10000) in paragraph at lines 2781--2791

 []


Underfull \hbox (badness 10000) in paragraph at lines 2791--2791
[]|\OT1/cmr/m/n/10 Integer
 []

[52]
Underfull \hbox (badness 10000) in paragraph at lines 2793--2812

 []


Underfull \hbox (badness 1776) in paragraph at lines 2812--2812
[]|\OT1/cmr/m/n/10 The right end-point of the $[]$
 []


Underfull \hbox (badness 10000) in paragraph at lines 2812--2812
[]|\OT1/cmr/m/n/10 Integer
 []

[53]
Underfull \hbox (badness 10000) in paragraph at lines 2911--2921

 []

[54]
Underfull \hbox (badness 10000) in paragraph at lines 2923--2934

 []

[55]
Overfull \hbox (4.81157pt too wide) in paragraph at lines 2995--2998
[]\OT1/cmr/m/n/10 Decode the `0' sub-tree us-ing this pro-ce-dure, start-ing fr
om step [][]1b[][]. 
 []


Overfull \hbox (4.81157pt too wide) in paragraph at lines 3001--3004
[]\OT1/cmr/m/n/10 Decode the `1' sub-tree us-ing this pro-ce-dure, start-ing fr
om step [][]1b[][]. 
 []


Underfull \hbox (badness 10000) in paragraph at lines 3018--3053

 []


Underfull \hbox (badness 10000) in paragraph at lines 3053--3053
[]|\OT1/cmr/m/n/10 Integer
 []


Underfull \hbox (badness 10000) in paragraph at lines 3053--3053
[]|\OT1/cmr/m/n/10 Integer
 []


Underfull \hbox (badness 10000) in paragraph at lines 3053--3053
[]|\OT1/cmr/m/n/10 Integer
 []


Underfull \hbox (badness 1337) in paragraph at lines 3053--3053
[]$\OT1/cmr/m/n/10 's used for each quant
 []

[56] [57] [58

]
Chapter 7.

Underfull \hbox (badness 10000) in paragraph at lines 3092--3104

 []


Underfull \hbox (badness 10000) in paragraph at lines 3104--3104
[]|\OT1/cmr/m/n/10 Integer
 []


Underfull \hbox (badness 10000) in paragraph at lines 3106--3115

 []

[59] [60]
Underfull \hbox (badness 10000) in paragraph at lines 3200--3208

 []


Underfull \hbox (badness 10000) in paragraph at lines 3210--3218

 []


Underfull \hbox (badness 10000) in paragraph at lines 3220--3237

 []

[61] [62]
Underfull \hbox (badness 10000) in paragraph at lines 3330--3338

 []


Underfull \hbox (badness 10000) in paragraph at lines 3340--3348

 []


Underfull \hbox (badness 10000) in paragraph at lines 3350--3367

 []


Underfull \vbox (badness 10000) has occurred while \output is active []

 [63]
Underfull \hbox (badness 10000) in paragraph at lines 3434--3446

 []

[64]
Underfull \hbox (badness 10000) in paragraph at lines 3448--3458

 []


Underfull \hbox (badness 10000) in paragraph at lines 3458--3458
[]|\OT1/cmr/m/n/10 Integer
 []


Underfull \hbox (badness 10000) in paragraph at lines 3458--3458
\OT1/cmr/m/n/10 in-di-cat-ing which blocks are
 []


Underfull \hbox (badness 10000) in paragraph at lines 3460--3480

 []


Underfull \hbox (badness 10000) in paragraph at lines 3480--3480
[]|\OT1/cmr/m/n/10 Integer
 []


Underfull \hbox (badness 2119) in paragraph at lines 3480--3480
[]|\OT1/cmr/m/n/10 An $[]$-element ar-ray of
 []


Underfull \hbox (badness 10000) in paragraph at lines 3480--3480
[]|\OT1/cmr/m/n/10 Integer
 []


Underfull \hbox (badness 2119) in paragraph at lines 3480--3480
[]|\OT1/cmr/m/n/10 An $[]$-element ar-ray of
 []

[65]
Overfull \hbox (17.63521pt too wide) in paragraph at lines 3504--3506
[]\OT1/cmr/m/n/10 For each con-sec-u-tive value of $[]$ from 0 to $([] \OMS/cms
y/m/n/10 ^^@ \OT1/cmr/m/n/10 1)$, as-sign $[][[]]$
 []


Overfull \hbox (51.78181pt too wide) in paragraph at lines 3548--3551
[]\OT1/cmr/m/n/10 If $[][[]]$ is zero, as-sign $[][[]]$ the value $[][[]]$. 
 []


Underfull \hbox (badness 10000) in paragraph at lines 3560--3575

 []


Underfull \hbox (badness 4726) in paragraph at lines 3575--3575
[]|\OT1/cmr/m/n/10 The to-tal num-ber of macro
 []


Underfull \hbox (badness 10000) in paragraph at lines 3575--3575
[]|\OT1/cmr/m/n/10 Integer
 []


Underfull \hbox (badness 10000) in paragraph at lines 3575--3575
\OT1/cmr/m/n/10 in-di-cat-ing which blocks are
 []

[66]
Underfull \hbox (badness 10000) in paragraph at lines 3577--3587

 []


Underfull \hbox (badness 10000) in paragraph at lines 3587--3587
[]|\OT1/cmr/m/n/10 Integer
 []


Underfull \hbox (badness 10000) in paragraph at lines 3589--3606

 []


Underfull \hbox (badness 10000) in paragraph at lines 3606--3606
[]|\OT1/cmr/m/n/10 Integer
 []


Underfull \hbox (badness 2689) in paragraph at lines 3606--3606
[]|\OT1/cmr/m/n/10 The in-dex of the cur-rent
 []


Underfull \hbox (badness 2689) in paragraph at lines 3606--3606
[]|\OT1/cmr/m/n/10 The in-dex of the cur-rent
 []


Underfull \hbox (badness 3861) in paragraph at lines 3606--3606
[]|\OT1/cmr/m/n/10 The in-dex of a Huff-man
 []

[67] [68]
Overfull \hbox (1.11165pt too wide) in paragraph at lines 3692--3696
[]\OT1/cmr/m/n/10 Otherwise, if $[]$ is not 7, as-sign the en-tries of $[]$
 []


Overfull \hbox (4.66336pt too wide) in paragraph at lines 3714--3715
[]\OT1/cmr/m/n/10 Otherwise, as-sign $[][[]]$ the value 0 (IN-TER[]NOMV). 
 []


Underfull \hbox (badness 10000) in paragraph at lines 3731--3739

 []


Underfull \hbox (badness 10000) in paragraph at lines 3739--3739
[]|\OT1/cmr/m/n/10 The mo-tion vec-tor de-cod-ing
 []


Underfull \hbox (badness 10000) in paragraph at lines 3741--3752

 []

[69]
Underfull \hbox (badness 10000) in paragraph at lines 3754--3763

 []


Underfull \hbox (badness 10000) in paragraph at lines 3863--3881

 []


Underfull \hbox (badness 10000) in paragraph at lines 3881--3881
[]|\OT1/cmr/m/n/10 Integer
 []


Underfull \hbox (badness 10000) in paragraph at lines 3881--3881
[]|\OT1/cmr/m/n/10 Integer
 []


Underfull \hbox (badness 4291) in paragraph at lines 3881--3881
[]|\OT1/cmr/m/n/10 An $[]$-element ar-ray of
 []

[70] [71]
Underfull \hbox (badness 10000) in paragraph at lines 3883--3893

 []


Underfull \hbox (badness 10000) in paragraph at lines 3893--3893
[]|\OT1/cmr/m/n/10 Array of
 []


Underfull \hbox (badness 10000) in paragraph at lines 3895--3934

 []

[72]
Overfull \hbox (51.67462pt too wide) in paragraph at lines 3951--3958
\OT1/cmr/m/n/10 dic-tor, and so re-quires no mo-tion vec-tor, and IN-TER[]NOMV 
and IN-TER[]GOLDEN[]NOMV
 []

[73] [74] [75]
Overfull \hbox (1.9939pt too wide) in paragraph at lines 4129--4133
[]\OT1/cmr/m/n/10 Otherwise ($[][[]]$ is 5: IN-TER[]GOLDEN[]NOMV, 1: IN-
 []


Package hyperref Warning: Token not allowed in a PDFDocEncoded string,
(hyperref)                removing `math shift' on input line 4163.


Package hyperref Warning: Token not allowed in a PDFDocEncoded string,
(hyperref)                removing `math shift' on input line 4163.


Underfull \hbox (badness 10000) in paragraph at lines 4166--4179

 []


Underfull \hbox (badness 10000) in paragraph at lines 4179--4179
[]|\OT1/cmr/m/n/10 Integer
 []


Underfull \hbox (badness 10000) in paragraph at lines 4179--4179
\OT1/cmr/m/n/10 in-di-cat-ing which blocks are
 []

[76]
Underfull \hbox (badness 10000) in paragraph at lines 4181--4191

 []


Underfull \hbox (badness 10000) in paragraph at lines 4191--4191
[]|\OT1/cmr/m/n/10 Integer
 []


Underfull \hbox (badness 10000) in paragraph at lines 4193--4206

 []

[77] [78] [79] [80

]
Underfull \hbox (badness 10000) in paragraph at lines 4286--4309

 []


Underfull \hbox (badness 3428) in paragraph at lines 4309--4309
[]|\OT1/cmr/m/n/10 The to-ken be-ing de-coded.
 []


Underfull \hbox (badness 10000) in paragraph at lines 4309--4309
[]|\OT1/cmr/m/n/10 Integer
 []


Underfull \hbox (badness 10000) in paragraph at lines 4309--4309
[]|\OT1/cmr/m/n/10 Integer
 []


Underfull \hbox (badness 2469) in paragraph at lines 4309--4309
[]|\OT1/cmr/m/n/10 An $[]$-element ar-ray of
 []


Underfull \hbox (badness 10000) in paragraph at lines 4311--4326

 []


Underfull \hbox (badness 10000) in paragraph at lines 4326--4326
[]|\OT1/cmr/m/n/10 Integer
 []


Underfull \hbox (badness 1048) in paragraph at lines 4326--4326
\OT1/cmr/m/n/10 cur-rent to-ken in-dex for each
 []


Underfull \hbox (badness 1122) in paragraph at lines 4326--4326
[]|\OT1/cmr/m/n/10 The re-main-ing length of the
 []

[81]
Underfull \hbox (badness 10000) in paragraph at lines 4328--4338

 []

[82]
Underfull \hbox (badness 10000) in paragraph at lines 4439--4459

 []


Underfull \hbox (badness 10000) in paragraph at lines 4459--4459
[]|\OT1/cmr/m/n/10 Integer
 []


Underfull \hbox (badness 1048) in paragraph at lines 4459--4459
\OT1/cmr/m/n/10 cur-rent to-ken in-dex for each
 []

[83]
Underfull \hbox (badness 10000) in paragraph at lines 4461--4477

 []


Underfull \hbox (badness 10000) in paragraph at lines 4477--4477
[]|\OT1/cmr/m/n/10 Integer
 []


Underfull \hbox (badness 10000) in paragraph at lines 4477--4477
[]|\OT1/cmr/m/n/10 Integer
 []


Underfull \hbox (badness 2469) in paragraph at lines 4477--4477
[]|\OT1/cmr/m/n/10 An $[]$-element ar-ray of
 []


Underfull \hbox (badness 10000) in paragraph at lines 4479--4492

 []


Overfull \vbox (0.18158pt too high) has occurred while \output is active []


[84]
Underfull \hbox (badness 10000) in paragraph at lines 4541--4541
[]|\OT1/cmr/m/n/10 Number of
 []


Underfull \vbox (badness 10000) detected at line 4541
 []

[85]
Overfull \hbox (2.47052pt too wide) in paragraph at lines 4567--4571
[]\OT1/cmr/m/n/10 For each value of $[]$ from $[]$ to $([] + [] \OMS/cmsy/m/n/1
0 ^^@ \OT1/cmr/m/n/10 1)$, as-sign $[][[]][[]]$
 []


Overfull \hbox (2.47052pt too wide) in paragraph at lines 4582--4586
[]\OT1/cmr/m/n/10 For each value of $[]$ from $[]$ to $([] + [] \OMS/cmsy/m/n/1
0 ^^@ \OT1/cmr/m/n/10 1)$, as-sign $[][[]][[]]$
 []

[86] [87] [88] [89]
Overfull \hbox (2.47052pt too wide) in paragraph at lines 4913--4917
[]\OT1/cmr/m/n/10 For each value of $[]$ from $[]$ to $([] + [] \OMS/cmsy/m/n/1
0 ^^@ \OT1/cmr/m/n/10 1)$, as-sign $[][[]][[]]$
 []


Overfull \hbox (2.47052pt too wide) in paragraph at lines 4938--4942
[]\OT1/cmr/m/n/10 For each value of $[]$ from $[]$ to $([] + [] \OMS/cmsy/m/n/1
0 ^^@ \OT1/cmr/m/n/10 1)$, as-sign $[][[]][[]]$
 []


Overfull \hbox (0.8453pt too wide) in paragraph at lines 4948--4951
[]\OT1/cmr/m/n/10 Assign $[][[]]$ the value $[][[]] + [] + 1$. As-sign $[][[]]$

 []

[90]
Overfull \hbox (2.47052pt too wide) in paragraph at lines 4987--4991
[]\OT1/cmr/m/n/10 For each value of $[]$ from $[]$ to $([] + [] \OMS/cmsy/m/n/1
0 ^^@ \OT1/cmr/m/n/10 1)$, as-sign $[][[]][[]]$
 []


Overfull \hbox (0.8453pt too wide) in paragraph at lines 4998--5001
[]\OT1/cmr/m/n/10 Assign $[][[]]$ the value $[][[]] + [] + 1$. As-sign $[][[]]$

 []


Underfull \hbox (badness 10000) in paragraph at lines 5007--5024

 []


Underfull \hbox (badness 10000) in paragraph at lines 5024--5024
[]|\OT1/cmr/m/n/10 Integer
 []


Underfull \hbox (badness 10000) in paragraph at lines 5024--5024
\OT1/cmr/m/n/10 in-di-cat-ing which blocks are
 []


Underfull \hbox (badness 4726) in paragraph at lines 5024--5024
[]|\OT1/cmr/m/n/10 The to-tal num-ber of macro
 []


Underfull \hbox (badness 10000) in paragraph at lines 5026--5039

 []


Underfull \hbox (badness 10000) in paragraph at lines 5039--5039
[]|\OT1/cmr/m/n/10 Integer
 []


Underfull \hbox (badness 2469) in paragraph at lines 5039--5039
[]|\OT1/cmr/m/n/10 An $[]$-element ar-ray of
 []

[91]
Underfull \hbox (badness 10000) in paragraph at lines 5041--5071

 []


Underfull \hbox (badness 10000) in paragraph at lines 5071--5071
[]|\OT1/cmr/m/n/10 Integer
 []

[92]
Overfull \hbox (2.349pt too wide) in paragraph at lines 5159--5163
\OT1/cmr/m/n/10 ce-dure given in Sec-tion [][]7.7.1[][] to up-date $[][[]]$, $[
][[]]$,
 []

[93]
Underfull \hbox (badness 10000) in paragraph at lines 5194--5216

 []


Overfull \hbox (5.24997pt too wide) in alignment at lines 5216--5216
 [] [] [] [] [] 
 []


Underfull \hbox (badness 10000) in paragraph at lines 5216--5216
[]|\OT1/cmr/m/n/10 Integer
 []


Underfull \hbox (badness 10000) in paragraph at lines 5216--5216
[]|\OT1/cmr/m/n/10 Integer
 []


Underfull \hbox (badness 1371) in paragraph at lines 5216--5216
[]|\OT1/cmr/m/n/10 An $[]$-element ar-ray
 []


Underfull \hbox (badness 10000) in paragraph at lines 5216--5216
[]|\OT1/cmr/m/n/10 Integer
 []


Underfull \hbox (badness 1009) in paragraph at lines 5216--5216
[]|\OT1/cmr/m/n/10 The in-dex of the cur-rent
 []


Overfull \hbox (5.24997pt too wide) in alignment at lines 5216--5216
 [] [] [] [] [] 
 []


Overfull \vbox (5.48866pt too high) has occurred while \output is active []


[94]
Underfull \hbox (badness 10000) in paragraph at lines 5218--5227

 []


Underfull \hbox (badness 10000) in paragraph at lines 5229--5255

 []


Underfull \hbox (badness 10000) in paragraph at lines 5255--5255
[]|\OT1/cmr/m/n/10 Integer
 []


Underfull \hbox (badness 10000) in paragraph at lines 5255--5255
[]|\OT1/cmr/m/n/10 Integer
 []


Underfull \hbox (badness 1755) in paragraph at lines 5255--5255
[]|\OT1/cmr/m/n/10 A 4-element ar-ray con-tain-ing the
 []


Underfull \hbox (badness 10000) in paragraph at lines 5255--5255
[]|\OT1/cmr/m/n/10 Integer
 []

[95] [96] [97]
Underfull \hbox (badness 10000) in paragraph at lines 5505--5521

 []


Overfull \hbox (5.24997pt too wide) in alignment at lines 5521--5521
 [] [] [] [] [] 
 []


Underfull \hbox (badness 10000) in paragraph at lines 5521--5521
[]|\OT1/cmr/m/n/10 Integer
 []


Underfull \hbox (badness 10000) in paragraph at lines 5521--5521
[]|\OT1/cmr/m/n/10 Integer
 []


Underfull \hbox (badness 1371) in paragraph at lines 5521--5521
[]|\OT1/cmr/m/n/10 An $[]$-element ar-ray
 []


Overfull \hbox (5.24997pt too wide) in alignment at lines 5521--5521
 [] [] [] [] [] 
 []

[98]
Underfull \hbox (badness 10000) in paragraph at lines 5523--5534

 []


Underfull \hbox (badness 10000) in paragraph at lines 5536--5558

 []


Underfull \hbox (badness 10000) in paragraph at lines 5558--5558
[]|\OT1/cmr/m/n/10 Integer
 []

[99] [100]
Underfull \hbox (badness 10000) in paragraph at lines 5636--5646

 []


Underfull \hbox (badness 10000) in paragraph at lines 5648--5659

 []


Underfull \hbox (badness 10000) in paragraph at lines 5682--5706

 []


Underfull \hbox (badness 1902) in paragraph at lines 5706--5706
\OT1/cmr/m/n/10 lower-left cor-ner of the cur-rent
 []


Underfull \hbox (badness 1292) in paragraph at lines 5706--5706
[]|\OT1/cmr/m/n/10 The ver-ti-cal pixel in-dex of the
 []


Underfull \hbox (badness 1902) in paragraph at lines 5706--5706
\OT1/cmr/m/n/10 lower-left cor-ner of the cur-rent
 []


Underfull \hbox (badness 2529) in paragraph at lines 5706--5706
[]|\OT1/cmr/m/n/10 The ver-ti-cal com-po-nent of the
 []

[101]
Underfull \hbox (badness 10000) in paragraph at lines 5708--5718

 []


Underfull \hbox (badness 10000) in paragraph at lines 5720--5735

 []

[102]
Underfull \hbox (badness 10000) in paragraph at lines 5782--5808

 []


Underfull \hbox (badness 1142) in paragraph at lines 5808--5808
\OT1/cmr/m/n/10 lower-left cor-ner of the cur-rent
 []


Underfull \hbox (badness 1142) in paragraph at lines 5808--5808
\OT1/cmr/m/n/10 lower-left cor-ner of the cur-rent
 []


Underfull \hbox (badness 10000) in paragraph at lines 5810--5820

 []


Underfull \vbox (badness 10000) has occurred while \output is active []

 [103]
Underfull \hbox (badness 10000) in paragraph at lines 5822--5841

 []

[104]
Underfull \hbox (badness 10000) in paragraph at lines 5917--5958

 []


Underfull \hbox (badness 10000) in paragraph at lines 5958--5958
[]|\OT1/cmr/m/n/10 Integer
 []


Underfull \hbox (badness 10000) in paragraph at lines 5958--5958
[]|\OT1/cmr/m/n/10 Integer
 []


Underfull \hbox (badness 1337) in paragraph at lines 5958--5958
[]$\OT1/cmr/m/n/10 's used for each quant
 []


Underfull \hbox (badness 1033) in paragraph at lines 5958--5958
[]|\OT1/cmr/m/n/10 A quan-ti-za-tion type in-dex.
 []

[105]
Underfull \hbox (badness 10000) in paragraph at lines 5960--5970

 []


Underfull \hbox (badness 10000) in paragraph at lines 5970--5970
[]|\OT1/cmr/m/n/10 Integer
 []


Underfull \hbox (badness 10000) in paragraph at lines 5972--5987

 []


Underfull \hbox (badness 10000) in paragraph at lines 5987--5987
[]|\OT1/cmr/m/n/10 Integer
 []


Underfull \vbox (badness 10000) has occurred while \output is active []

 [106]
[107]
Underfull \hbox (badness 10000) in paragraph at lines 6086--6096

 []


Underfull \hbox (badness 10000) in paragraph at lines 6096--6096
[]|\OT1/cmr/m/n/10 Integer
 []


Underfull \hbox (badness 10000) in paragraph at lines 6098--6107

 []


Underfull \hbox (badness 10000) in paragraph at lines 6107--6107
[]|\OT1/cmr/m/n/10 Integer
 []


Underfull \hbox (badness 10000) in paragraph at lines 6109--6120

 []


Underfull \hbox (badness 10000) in paragraph at lines 6120--6120
[]|\OT1/cmr/m/n/10 Integer
 []

[108] <idct.pdf, id=2176, 513.92pt x 281.05pt>
File: idct.pdf Graphic file (type pdf)
 <use idct.pdf> [109 <./idct.pdf>] [110] [111]
Underfull \hbox (badness 10000) in paragraph at lines 6318--6328

 []


Underfull \hbox (badness 10000) in paragraph at lines 6328--6328
[]|\OT1/cmr/m/n/10 Integer
 []


Underfull \hbox (badness 10000) in paragraph at lines 6330--6340

 []


Underfull \hbox (badness 1412) in paragraph at lines 6340--6340
[]|\OT1/cmr/m/n/10 An $8 \OMS/cmsy/m/n/10 ^^B \OT1/cmr/m/n/10 8$ ar-ray con-tai
n-ing the
 []


Underfull \hbox (badness 10000) in paragraph at lines 6342--6357

 []


Underfull \hbox (badness 10000) in paragraph at lines 6357--6357
[]|\OT1/cmr/m/n/10 Integer
 []


Underfull \hbox (badness 10000) in paragraph at lines 6357--6357
[]|\OT1/cmr/m/n/10 Integer
 []

[112]
Underfull \hbox (badness 10000) in paragraph at lines 6416--6425

 []


Underfull \hbox (badness 10000) in paragraph at lines 6425--6425
[]|\OT1/cmr/m/n/10 Integer
 []


Underfull \hbox (badness 10000) in paragraph at lines 6427--6437

 []


Underfull \hbox (badness 10000) in paragraph at lines 6437--6437
[]|\OT1/cmr/m/n/10 Integer
 []

[113]
Underfull \hbox (badness 10000) in paragraph at lines 6439--6450

 []


Underfull \hbox (badness 10000) in paragraph at lines 6450--6450
[]|\OT1/cmr/m/n/10 Integer
 []

<fdct.pdf, id=2290, 513.92pt x 281.05pt>
File: fdct.pdf Graphic file (type pdf)
 <use fdct.pdf> [114 <./fdct.pdf>]
[115]
Underfull \hbox (badness 10000) in paragraph at lines 6574--6657

 []


Overfull \hbox (17.27766pt too wide) in alignment at lines 6657--6657
 [] [] [] [] [] 
 []


Underfull \hbox (badness 10000) in paragraph at lines 6657--6657
[]|\OT1/cmr/m/n/10 Integer
 []


Underfull \hbox (badness 2495) in paragraph at lines 6657--6657
[]|\OT1/cmr/m/n/10 A 64-element ar-ray of
 []


Underfull \hbox (badness 10000) in paragraph at lines 6657--6657
[]|\OT1/cmr/m/n/10 Integer
 []


Underfull \hbox (badness 2495) in paragraph at lines 6657--6657
[]|\OT1/cmr/m/n/10 A 64-element ar-ray of
 []


Underfull \hbox (badness 3780) in paragraph at lines 6657--6657
\OT1/cmr/m/n/10 co-ef-fi-cient for each $[]$
 []


Underfull \hbox (badness 4913) in paragraph at lines 6657--6657
[]|\OT1/cmr/m/n/10 A $2 \OMS/cmsy/m/n/10 ^^B \OT1/cmr/m/n/10 3 \OMS/cmsy/m/n/10
 ^^B \OT1/cmr/m/n/10 64$ ar-ray
 []


Underfull \hbox (badness 2538) in paragraph at lines 6657--6657
\OT1/cmr/m/n/10 of the $[]$'s used for
 []


Underfull \hbox (badness 1406) in paragraph at lines 6657--6657
\OT1/cmr/m/n/10 tively. Only the first
 []


Underfull \hbox (badness 2564) in paragraph at lines 6657--6657
[]|\OT1/cmr/m/n/10 The height of the $\OML/cmm/m/it/10 Y[]$
 []


Underfull \hbox (badness 3271) in paragraph at lines 6657--6657
\OT1/cmr/m/n/10 plane of the ref-er-ence
 []


Underfull \hbox (badness 2326) in paragraph at lines 6657--6657
\OT1/cmr/m/n/10 tents of the $\OML/cmm/m/it/10 Y[]$ \OT1/cmr/m/n/10 plane
 []


Underfull \hbox (badness 1062) in paragraph at lines 6657--6657
\OT1/cmr/m/n/10 of the golden ref-er-ence
 []


Underfull \hbox (badness 2213) in paragraph at lines 6657--6657
\OT1/cmr/m/n/10 tents of the $\OML/cmm/m/it/10 C[]$ \OT1/cmr/m/n/10 plane
 []


Underfull \hbox (badness 1062) in paragraph at lines 6657--6657
\OT1/cmr/m/n/10 of the golden ref-er-ence
 []


Underfull \hbox (badness 2065) in paragraph at lines 6657--6657
\OT1/cmr/m/n/10 tents of the $\OML/cmm/m/it/10 C[]$ \OT1/cmr/m/n/10 plane
 []


Underfull \hbox (badness 1062) in paragraph at lines 6657--6657
\OT1/cmr/m/n/10 of the golden ref-er-ence
 []


Underfull \hbox (badness 2326) in paragraph at lines 6657--6657
\OT1/cmr/m/n/10 tents of the $\OML/cmm/m/it/10 Y[]$ \OT1/cmr/m/n/10 plane
 []


Underfull \hbox (badness 2213) in paragraph at lines 6657--6657
\OT1/cmr/m/n/10 tents of the $\OML/cmm/m/it/10 C[]$ \OT1/cmr/m/n/10 plane
 []


Underfull \hbox (badness 2065) in paragraph at lines 6657--6657
\OT1/cmr/m/n/10 tents of the $\OML/cmm/m/it/10 C[]$ \OT1/cmr/m/n/10 plane
 []


Underfull \hbox (badness 7433) in paragraph at lines 6657--6657
[]|\OT1/cmr/m/n/10 The to-tal num-ber of
 []


Underfull \hbox (badness 10000) in paragraph at lines 6657--6657
[]|\OT1/cmr/m/n/10 Integer
 []


Underfull \hbox (badness 10000) in paragraph at lines 6657--6657
[]|\OT1/cmr/m/n/10 Integer
 []


Underfull \hbox (badness 10000) in paragraph at lines 6657--6657
[]|\OT1/cmr/m/n/10 Array of
 []


Underfull \hbox (badness 5862) in paragraph at lines 6657--6657
[]|\OT1/cmr/m/n/10 An $[] \OMS/cmsy/m/n/10 ^^B \OT1/cmr/m/n/10 64$ ar-ray
 []


Underfull \hbox (badness 2591) in paragraph at lines 6657--6657
\OT1/cmr/m/n/10 of quan-tized DCT co-
 []


Underfull \hbox (badness 10000) in paragraph at lines 6657--6657
[]|\OT1/cmr/m/n/10 Integer
 []


Underfull \hbox (badness 10000) in paragraph at lines 6657--6657
[]|\OT1/cmr/m/n/10 Integer
 []


Underfull \hbox (badness 10000) in paragraph at lines 6657--6657
[]|\OT1/cmr/m/n/10 Integer
 []


Underfull \hbox (badness 2393) in paragraph at lines 6657--6657
\OT1/cmr/m/n/10 of $[]$ val-ues for each
 []


Overfull \hbox (17.27766pt too wide) in alignment at lines 6657--6657
 [] [] [] [] [] 
 []

[116] [117]
Underfull \hbox (badness 10000) in paragraph at lines 6659--6675

 []

[118]
Underfull \hbox (badness 10000) in paragraph at lines 6677--6734

 []


Underfull \hbox (badness 1902) in paragraph at lines 6734--6734
\OT1/cmr/m/n/10 lower-left cor-ner of the cur-rent
 []


Underfull \hbox (badness 1292) in paragraph at lines 6734--6734
[]|\OT1/cmr/m/n/10 The ver-ti-cal pixel in-dex of the
 []


Underfull \hbox (badness 1902) in paragraph at lines 6734--6734
\OT1/cmr/m/n/10 lower-left cor-ner of the cur-rent
 []


Underfull \hbox (badness 1412) in paragraph at lines 6734--6734
[]|\OT1/cmr/m/n/10 An $8 \OMS/cmsy/m/n/10 ^^B \OT1/cmr/m/n/10 8$ ar-ray con-tai
n-ing the
 []


Underfull \hbox (badness 10000) in paragraph at lines 6734--6734
[]|\OT1/cmr/m/n/10 Integer
 []


Underfull \hbox (badness 1242) in paragraph at lines 6734--6734
[]|\OT1/cmr/m/n/10 The ver-ti-cal pixel in-dex in the
 []

[119] [120] [121] [122]
Underfull \hbox (badness 10000) in paragraph at lines 6970--6985

 []


Underfull \hbox (badness 1092) in paragraph at lines 6985--6985
[]|\OT1/cmr/m/n/10 The ver-ti-cal pixel in-dex of the
 []


Underfull \hbox (badness 10000) in paragraph at lines 6987--6997

 []


Underfull \vbox (badness 10000) has occurred while \output is active []

 [123]
Underfull \hbox (badness 10000) in paragraph at lines 6999--7010

 []


Underfull \hbox (badness 10000) in paragraph at lines 7062--7077

 []


Underfull \hbox (badness 1092) in paragraph at lines 7077--7077
[]|\OT1/cmr/m/n/10 The ver-ti-cal pixel in-dex of the
 []

[124]
Underfull \hbox (badness 10000) in paragraph at lines 7079--7089

 []


Underfull \hbox (badness 10000) in paragraph at lines 7091--7102

 []

[125]
Underfull \hbox (badness 10000) in paragraph at lines 7154--7189

 []


Underfull \hbox (badness 10000) in paragraph at lines 7189--7189
[]|\OT1/cmr/m/n/10 Integer
 []


Underfull \hbox (badness 2680) in paragraph at lines 7189--7189
[]|\OT1/cmr/m/n/10 The width of the $\OML/cmm/m/it/10 C[]$ \OT1/cmr/m/n/10 and
 []


Underfull \hbox (badness 2103) in paragraph at lines 7189--7189
[]|\OT1/cmr/m/n/10 The height of the $\OML/cmm/m/it/10 C[]$ \OT1/cmr/m/n/10 and

 []


Underfull \hbox (badness 10000) in paragraph at lines 7189--7189
[]|\OT1/cmr/m/n/10 Integer
 []


Underfull \hbox (badness 2237) in paragraph at lines 7189--7189
\OT1/cmr/m/n/10 in-di-cat-ing which blocks are
 []


Underfull \hbox (badness 10000) in paragraph at lines 7189--7189
[]|\OT1/cmr/m/n/10 Integer
 []


Underfull \hbox (badness 1122) in paragraph at lines 7189--7189
[]|\OT1/cmr/m/n/10 A $[] \OMS/cmsy/m/n/10 ^^B []$ \OT1/cmr/m/n/10 ar-ray
 []


Underfull \hbox (badness 1342) in paragraph at lines 7189--7189
[]|\OT1/cmr/m/n/10 A $[] \OMS/cmsy/m/n/10 ^^B []$ \OT1/cmr/m/n/10 ar-ray
 []


Underfull \hbox (badness 1342) in paragraph at lines 7189--7189
[]|\OT1/cmr/m/n/10 A $[] \OMS/cmsy/m/n/10 ^^B []$ \OT1/cmr/m/n/10 ar-ray
 []

[126]
Underfull \hbox (badness 10000) in paragraph at lines 7191--7207

 []


Underfull \hbox (badness 10000) in paragraph at lines 7209--7239

 []


Underfull \hbox (badness 1902) in paragraph at lines 7239--7239
\OT1/cmr/m/n/10 lower-left cor-ner of the cur-rent
 []


Underfull \hbox (badness 1292) in paragraph at lines 7239--7239
[]|\OT1/cmr/m/n/10 The ver-ti-cal pixel in-dex of the
 []


Underfull \hbox (badness 1902) in paragraph at lines 7239--7239
\OT1/cmr/m/n/10 lower-left cor-ner of the cur-rent
 []


Underfull \hbox (badness 1292) in paragraph at lines 7239--7239
[]|\OT1/cmr/m/n/10 The ver-ti-cal pixel in-dex of the
 []

[127] [128] [129]
Underfull \hbox (badness 10000) in paragraph at lines 7372--7453

 []


Overfull \hbox (17.27766pt too wide) in alignment at lines 7453--7453
 [] [] [] [] [] 
 []


Underfull \hbox (badness 7433) in paragraph at lines 7453--7453
[]|\OT1/cmr/m/n/10 The to-tal num-ber of
 []


Underfull \hbox (badness 7433) in paragraph at lines 7453--7453
[]|\OT1/cmr/m/n/10 The to-tal num-ber of
 []


Underfull \hbox (badness 7012) in paragraph at lines 7453--7453
[]|\OT1/cmr/m/n/10 The pixel aspect-ratio
 []


Underfull \hbox (badness 10000) in paragraph at lines 7453--7453
[]|\OT1/cmr/m/n/10 Integer
 []


Underfull \hbox (badness 2495) in paragraph at lines 7453--7453
[]|\OT1/cmr/m/n/10 A 64-element ar-ray of
 []


Underfull \hbox (badness 10000) in paragraph at lines 7453--7453
[]|\OT1/cmr/m/n/10 Integer
 []


Underfull \hbox (badness 2495) in paragraph at lines 7453--7453
[]|\OT1/cmr/m/n/10 A 64-element ar-ray of
 []


Underfull \hbox (badness 10000) in paragraph at lines 7453--7453
[]|\OT1/cmr/m/n/10 Integer
 []


Underfull \hbox (badness 2495) in paragraph at lines 7453--7453
[]|\OT1/cmr/m/n/10 A 64-element ar-ray of
 []


Underfull \hbox (badness 3780) in paragraph at lines 7453--7453
\OT1/cmr/m/n/10 co-ef-fi-cient for each $[]$
 []


Underfull \hbox (badness 4913) in paragraph at lines 7453--7453
[]|\OT1/cmr/m/n/10 A $2 \OMS/cmsy/m/n/10 ^^B \OT1/cmr/m/n/10 3 \OMS/cmsy/m/n/10
 ^^B \OT1/cmr/m/n/10 64$ ar-ray
 []


Underfull \hbox (badness 2538) in paragraph at lines 7453--7453
\OT1/cmr/m/n/10 of the $[]$'s used for
 []


Underfull \hbox (badness 1406) in paragraph at lines 7453--7453
\OT1/cmr/m/n/10 tively. Only the first
 []


Underfull \hbox (badness 2326) in paragraph at lines 7453--7453
\OT1/cmr/m/n/10 tents of the $\OML/cmm/m/it/10 Y[]$ \OT1/cmr/m/n/10 plane
 []


Underfull \hbox (badness 1062) in paragraph at lines 7453--7453
\OT1/cmr/m/n/10 of the golden ref-er-ence
 []


Underfull \hbox (badness 2213) in paragraph at lines 7453--7453
\OT1/cmr/m/n/10 tents of the $\OML/cmm/m/it/10 C[]$ \OT1/cmr/m/n/10 plane
 []


Underfull \hbox (badness 1062) in paragraph at lines 7453--7453
\OT1/cmr/m/n/10 of the golden ref-er-ence
 []


Underfull \hbox (badness 2065) in paragraph at lines 7453--7453
\OT1/cmr/m/n/10 tents of the $\OML/cmm/m/it/10 C[]$ \OT1/cmr/m/n/10 plane
 []


Underfull \hbox (badness 1062) in paragraph at lines 7453--7453
\OT1/cmr/m/n/10 of the golden ref-er-ence
 []


Underfull \hbox (badness 2326) in paragraph at lines 7453--7453
\OT1/cmr/m/n/10 tents of the $\OML/cmm/m/it/10 Y[]$ \OT1/cmr/m/n/10 plane
 []


Underfull \hbox (badness 2213) in paragraph at lines 7453--7453
\OT1/cmr/m/n/10 tents of the $\OML/cmm/m/it/10 C[]$ \OT1/cmr/m/n/10 plane
 []


Underfull \hbox (badness 2065) in paragraph at lines 7453--7453
\OT1/cmr/m/n/10 tents of the $\OML/cmm/m/it/10 C[]$ \OT1/cmr/m/n/10 plane
 []


Overfull \hbox (17.27766pt too wide) in alignment at lines 7453--7453
 [] [] [] [] [] 
 []

[130] [131]
Underfull \hbox (badness 10000) in paragraph at lines 7455--7497

 []


Overfull \hbox (17.27766pt too wide) in alignment at lines 7497--7497
 [] [] [] [] [] 
 []


Underfull \hbox (badness 2326) in paragraph at lines 7497--7497
\OT1/cmr/m/n/10 tents of the $\OML/cmm/m/it/10 Y[]$ \OT1/cmr/m/n/10 plane
 []


Underfull \hbox (badness 1062) in paragraph at lines 7497--7497
\OT1/cmr/m/n/10 of the golden ref-er-ence
 []


Underfull \hbox (badness 2213) in paragraph at lines 7497--7497
\OT1/cmr/m/n/10 tents of the $\OML/cmm/m/it/10 C[]$ \OT1/cmr/m/n/10 plane
 []


Underfull \hbox (badness 1062) in paragraph at lines 7497--7497
\OT1/cmr/m/n/10 of the golden ref-er-ence
 []


Underfull \hbox (badness 2065) in paragraph at lines 7497--7497
\OT1/cmr/m/n/10 tents of the $\OML/cmm/m/it/10 C[]$ \OT1/cmr/m/n/10 plane
 []


Underfull \hbox (badness 1062) in paragraph at lines 7497--7497
\OT1/cmr/m/n/10 of the golden ref-er-ence
 []


Underfull \hbox (badness 2326) in paragraph at lines 7497--7497
\OT1/cmr/m/n/10 tents of the $\OML/cmm/m/it/10 Y[]$ \OT1/cmr/m/n/10 plane
 []


Underfull \hbox (badness 2213) in paragraph at lines 7497--7497
\OT1/cmr/m/n/10 tents of the $\OML/cmm/m/it/10 C[]$ \OT1/cmr/m/n/10 plane
 []


Underfull \hbox (badness 2065) in paragraph at lines 7497--7497
\OT1/cmr/m/n/10 tents of the $\OML/cmm/m/it/10 C[]$ \OT1/cmr/m/n/10 plane
 []


Overfull \hbox (17.27766pt too wide) in alignment at lines 7497--7497
 [] [] [] [] [] 
 []

[132]
Underfull \hbox (badness 10000) in paragraph at lines 7499--7539

 []


Underfull \hbox (badness 10000) in paragraph at lines 7539--7539
[]|\OT1/cmr/m/n/10 Integer
 []


Underfull \hbox (badness 10000) in paragraph at lines 7539--7539
[]|\OT1/cmr/m/n/10 Integer
 []


Underfull \hbox (badness 3108) in paragraph at lines 7539--7539
[]|\OT1/cmr/m/n/10 An $[]$-element ar-ray of
 []


Underfull \hbox (badness 10000) in paragraph at lines 7539--7539
[]|\OT1/cmr/m/n/10 Integer
 []


Underfull \hbox (badness 10000) in paragraph at lines 7539--7539
[]|\OT1/cmr/m/n/10 Array of
 []


Underfull \hbox (badness 10000) in paragraph at lines 7539--7539
[]|\OT1/cmr/m/n/10 Integer
 []


Underfull \hbox (badness 10000) in paragraph at lines 7539--7539
[]|\OT1/cmr/m/n/10 Integer
 []


Underfull \hbox (badness 3108) in paragraph at lines 7539--7539
[]|\OT1/cmr/m/n/10 An $[]$-element ar-ray of
 []

[133] [134]
Overfull \hbox (0.4388pt too wide) in paragraph at lines 7618--7627
[]$\OT1/cmr/m/n/10 , $[]$, $[]$, and $[]$,
 []

[135] [136]
Appendix A.
[137

] [138] [139] [140

]
Appendix B.
[141

]
Underfull \vbox (badness 7851) has occurred while \output is active []

 [142]
[143]
\openout2 = `vp3huff.aux'.

 (./vp3huff.tex [144


] [145] [146] [147] [148] [149] [150] [151] [152]
[153] [154] [155] [156] [157] [158] [159] [160] [161] [162] [163] [164]
[165] [166] [167] [168] [169] [170] [171] [172] [173] [174] [175] [176]
[177] [178] [179] [180] [181] [182] [183]) [184



]
Appendix C.
<xifish.pdf, id=2810, 199.74625pt x 199.74625pt>
File: xifish.pdf Graphic file (type pdf)
 <use xifish.pdf> [185

 <./xifish.pdf>] [186

] (./spec.bbl [187

]) [188] (./spec.aux (./vp3huff.aux)) ) 
Here is how much of TeX's memory you used:
 6150 strings out of 94500
 74467 string characters out of 1175788
 147771 words of memory out of 1000000
 7847 multiletter control sequences out of 10000+50000
 25375 words of font info for 98 fonts, out of 500000 for 2000
 580 hyphenation exceptions out of 8191
 27i,21n,39p,280b,600s stack positions out of 1500i,500n,5000p,200000b,5000s
PDF statistics:
 2845 PDF objects out of 300000
 1335 named destinations out of 131072
 902 words of extra memory for PDF output out of 65536
</usr/share/texmf-tetex/fonts/type1/blue
sky/cm/cmti12.pfb></usr/share/texmf-tetex/fonts/type1/bluesky/cm/cmti7.pfb></us
r/share/texmf-tetex/fonts/type1/bluesky/cm/cmbxti10.pfb></usr/share/texmf-tetex
/fonts/type1/bluesky/cm/cmbx7.pfb></usr/share/texmf-tetex/fonts/type1/bluesky/c
m/cmmi5.pfb></usr/share/texmf-tetex/fonts/type1/bluesky/cm/cmsy7.pfb> </var/cac
he/fonts/pk/ljfour/jknappen/tc/tcrm1000.600pk></usr/share/texmf-tetex/fonts/typ
e1/bluesky/cm/cmr7.pfb></usr/share/texmf-tetex/fonts/type1/bluesky/cm/cmcsc10.p
fb></usr/share/texmf-tetex/fonts/type1/bluesky/cm/cmmi7.pfb></usr/share/texmf-t
etex/fonts/type1/bluesky/cm/cmex10.pfb></usr/share/texmf-tetex/fonts/type1/blue
sky/cm/cmtt10.pfb></usr/share/texmf-tetex/fonts/type1/bluesky/cm/cmsy10.pfb></u
sr/share/texmf-tetex/fonts/type1/bluesky/cm/cmmi10.pfb></usr/share/texmf-tetex/
fonts/type1/bluesky/cm/cmti10.pfb></usr/share/texmf-tetex/fonts/type1/bluesky/c
m/cmsl10.pfb></usr/share/texmf-tetex/fonts/type1/bluesky/cm/cmr10.pfb></usr/sha
re/texmf-tetex/fonts/type1/bluesky/cm/cmbx10.pfb></usr/share/texmf-tetex/fonts/
type1/bluesky/cm/cmbx12.pfb></usr/share/texmf-tetex/fonts/type1/bluesky/cm/cmr1
2.pfb></usr/share/texmf-tetex/fonts/type1/bluesky/cm/cmr17.pfb>
Output written on spec.pdf (204 pages, 891793 bytes).
